2024-06-27T11:32:53.543+05:30  INFO 18124 --- [main] in.ashokit.Application                   : Starting Application using Java 17.0.10 with PID 18124 (H:\25_JRTP\workspace\01-SB-Logging-App1\target\classes started by Hp in H:\25_JRTP\workspace\01-SB-Logging-App1)
2024-06-27T11:32:53.548+05:30  INFO 18124 --- [main] in.ashokit.Application                   : No active profile set, falling back to 1 default profile: "default"
2024-06-27T11:32:54.749+05:30  INFO 18124 --- [main] o.s.b.w.embedded.tomcat.TomcatWebServer  : Tomcat initialized with port 8080 (http)
2024-06-27T11:32:54.771+05:30  INFO 18124 --- [main] o.apache.catalina.core.StandardService   : Starting service [Tomcat]
2024-06-27T11:32:54.772+05:30  INFO 18124 --- [main] o.apache.catalina.core.StandardEngine    : Starting Servlet engine: [Apache Tomcat/10.1.25]
2024-06-27T11:32:54.867+05:30  INFO 18124 --- [main] o.a.c.c.C.[Tomcat].[localhost].[/]       : Initializing Spring embedded WebApplicationContext
2024-06-27T11:32:54.868+05:30  INFO 18124 --- [main] w.s.c.ServletWebServerApplicationContext : Root WebApplicationContext: initialization completed in 1228 ms
2024-06-27T11:32:55.384+05:30  INFO 18124 --- [main] o.s.b.w.embedded.tomcat.TomcatWebServer  : Tomcat started on port 8080 (http) with context path '/'
2024-06-27T11:32:55.399+05:30  INFO 18124 --- [main] in.ashokit.Application                   : Started Application in 2.478 seconds (process running for 3.585)
2024-06-27T11:34:43.440+05:30  INFO 18124 --- [RMI TCP Connection(5)-127.0.0.1] inMXBeanRegistrar$SpringApplicationAdmin : Application shutdown requested.
2024-06-27T11:35:16.009+05:30  INFO 14684 --- [main] in.ashokit.Application                   : Starting Application using Java 17.0.10 with PID 14684 (H:\25_JRTP\workspace\01-SB-Logging-App1\target\classes started by Hp in H:\25_JRTP\workspace\01-SB-Logging-App1)
2024-06-27T11:35:16.013+05:30  INFO 14684 --- [main] in.ashokit.Application                   : No active profile set, falling back to 1 default profile: "default"
2024-06-27T11:35:17.115+05:30  INFO 14684 --- [main] o.s.b.w.embedded.tomcat.TomcatWebServer  : Tomcat initialized with port 8080 (http)
2024-06-27T11:35:17.137+05:30  INFO 14684 --- [main] o.apache.catalina.core.StandardService   : Starting service [Tomcat]
2024-06-27T11:35:17.137+05:30  INFO 14684 --- [main] o.apache.catalina.core.StandardEngine    : Starting Servlet engine: [Apache Tomcat/10.1.25]
2024-06-27T11:35:17.230+05:30  INFO 14684 --- [main] o.a.c.c.C.[Tomcat].[localhost].[/]       : Initializing Spring embedded WebApplicationContext
2024-06-27T11:35:17.230+05:30  INFO 14684 --- [main] w.s.c.ServletWebServerApplicationContext : Root WebApplicationContext: initialization completed in 1140 ms
2024-06-27T11:35:17.672+05:30  INFO 14684 --- [main] o.s.b.w.embedded.tomcat.TomcatWebServer  : Tomcat started on port 8080 (http) with context path '/'
2024-06-27T11:35:17.689+05:30  INFO 14684 --- [main] in.ashokit.Application                   : Started Application in 2.243 seconds (process running for 3.206)
2024-06-27T11:37:00.270+05:30  INFO 14684 --- [http-nio-8080-exec-2] o.a.c.c.C.[Tomcat].[localhost].[/]       : Initializing Spring DispatcherServlet 'dispatcherServlet'
2024-06-27T11:37:00.270+05:30  INFO 14684 --- [http-nio-8080-exec-2] o.s.web.servlet.DispatcherServlet        : Initializing Servlet 'dispatcherServlet'
2024-06-27T11:37:00.273+05:30  INFO 14684 --- [http-nio-8080-exec-2] o.s.web.servlet.DispatcherServlet        : Completed initialization in 2 ms
2024-06-27T11:37:00.340+05:30  INFO 14684 --- [http-nio-8080-exec-2] in.ashokit.rest.MsgRestController        : This is info msg
2024-06-27T11:37:00.341+05:30  WARN 14684 --- [http-nio-8080-exec-2] in.ashokit.rest.MsgRestController        : This is warn msg
2024-06-27T11:37:00.341+05:30 ERROR 14684 --- [http-nio-8080-exec-2] in.ashokit.rest.MsgRestController        : this is error msg
2024-06-27T11:44:38.974+05:30  INFO 14684 --- [RMI TCP Connection(14)-127.0.0.1] inMXBeanRegistrar$SpringApplicationAdmin : Application shutdown requested.
2024-06-27T11:44:55.033+05:30 ERROR 17564 --- [main] o.s.b.d.LoggingFailureAnalysisReporter   : 

***************************
APPLICATION FAILED TO START
***************************

Description:

Failed to bind properties under 'logging.level.root' to org.springframework.boot.logging.LogLevel:

    Property: logging.level.root
    Value: "debugg"
    Origin: class path resource [application.properties] - 1:20
    Reason: failed to convert java.lang.String to org.springframework.boot.logging.LogLevel (caused by java.lang.IllegalArgumentException: No enum constant org.springframework.boot.logging.LogLevel.debugg)

Action:

Update your application's configuration. The following values are valid:

    DEBUG
    ERROR
    FATAL
    INFO
    OFF
    TRACE
    WARN

2024-06-27T11:45:27.096+05:30 ERROR 11084 --- [main] o.s.b.d.LoggingFailureAnalysisReporter   : 

***************************
APPLICATION FAILED TO START
***************************

Description:

Failed to bind properties under 'logging.level.root' to org.springframework.boot.logging.LogLevel:

    Property: logging.level.root
    Value: "debugg"
    Origin: class path resource [application.properties] - 1:20
    Reason: failed to convert java.lang.String to org.springframework.boot.logging.LogLevel (caused by java.lang.IllegalArgumentException: No enum constant org.springframework.boot.logging.LogLevel.debugg)

Action:

Update your application's configuration. The following values are valid:

    DEBUG
    ERROR
    FATAL
    INFO
    OFF
    TRACE
    WARN

2024-06-27T11:46:35.769+05:30  INFO 5852 --- [main] in.ashokit.Application                   : Starting Application using Java 17.0.10 with PID 5852 (H:\25_JRTP\workspace\01-SB-Logging-App1\target\classes started by Hp in H:\25_JRTP\workspace\01-SB-Logging-App1)
2024-06-27T11:46:35.773+05:30  INFO 5852 --- [main] in.ashokit.Application                   : No active profile set, falling back to 1 default profile: "default"
2024-06-27T11:46:37.008+05:30  INFO 5852 --- [main] o.s.b.w.embedded.tomcat.TomcatWebServer  : Tomcat initialized with port 8080 (http)
2024-06-27T11:46:37.028+05:30  INFO 5852 --- [main] o.apache.catalina.core.StandardService   : Starting service [Tomcat]
2024-06-27T11:46:37.029+05:30  INFO 5852 --- [main] o.apache.catalina.core.StandardEngine    : Starting Servlet engine: [Apache Tomcat/10.1.25]
2024-06-27T11:46:37.113+05:30  INFO 5852 --- [main] o.a.c.c.C.[Tomcat].[localhost].[/]       : Initializing Spring embedded WebApplicationContext
2024-06-27T11:46:37.114+05:30  INFO 5852 --- [main] w.s.c.ServletWebServerApplicationContext : Root WebApplicationContext: initialization completed in 1265 ms
2024-06-27T11:46:37.563+05:30  INFO 5852 --- [main] o.s.b.w.embedded.tomcat.TomcatWebServer  : Tomcat started on port 8080 (http) with context path '/'
2024-06-27T11:46:37.579+05:30  INFO 5852 --- [main] in.ashokit.Application                   : Started Application in 2.38 seconds (process running for 3.359)
2024-06-27T11:46:44.608+05:30  INFO 5852 --- [http-nio-8080-exec-1] o.a.c.c.C.[Tomcat].[localhost].[/]       : Initializing Spring DispatcherServlet 'dispatcherServlet'
2024-06-27T11:46:44.609+05:30  INFO 5852 --- [http-nio-8080-exec-1] o.s.web.servlet.DispatcherServlet        : Initializing Servlet 'dispatcherServlet'
2024-06-27T11:46:44.612+05:30  INFO 5852 --- [http-nio-8080-exec-1] o.s.web.servlet.DispatcherServlet        : Completed initialization in 3 ms
2024-06-27T11:46:44.674+05:30  INFO 5852 --- [http-nio-8080-exec-1] in.ashokit.rest.MsgRestController        : getmsg()........excetatuion started
2024-06-27T11:46:44.675+05:30 ERROR 5852 --- [http-nio-8080-exec-1] in.ashokit.rest.MsgRestController        : Exception : / by zero
2024-06-27T12:16:29.530+05:30  INFO 5852 --- [RMI TCP Connection(33)-127.0.0.1] inMXBeanRegistrar$SpringApplicationAdmin : Application shutdown requested.
2024-06-27T12:16:43.593+05:30  INFO 17848 --- [main] in.ashokit.Application                   : Starting Application using Java 17.0.10 with PID 17848 (H:\25_JRTP\workspace\01-SB-Logging-App1\target\classes started by Hp in H:\25_JRTP\workspace\01-SB-Logging-App1)
2024-06-27T12:16:43.598+05:30  INFO 17848 --- [main] in.ashokit.Application                   : No active profile set, falling back to 1 default profile: "default"
2024-06-27T12:16:44.711+05:30  INFO 17848 --- [main] o.s.b.w.embedded.tomcat.TomcatWebServer  : Tomcat initialized with port 8080 (http)
2024-06-27T12:16:44.736+05:30  INFO 17848 --- [main] o.apache.catalina.core.StandardService   : Starting service [Tomcat]
2024-06-27T12:16:44.737+05:30  INFO 17848 --- [main] o.apache.catalina.core.StandardEngine    : Starting Servlet engine: [Apache Tomcat/10.1.25]
2024-06-27T12:16:44.824+05:30  INFO 17848 --- [main] o.a.c.c.C.[Tomcat].[localhost].[/]       : Initializing Spring embedded WebApplicationContext
2024-06-27T12:16:44.825+05:30  INFO 17848 --- [main] w.s.c.ServletWebServerApplicationContext : Root WebApplicationContext: initialization completed in 1148 ms
2024-06-27T12:16:45.273+05:30  INFO 17848 --- [main] o.s.b.w.embedded.tomcat.TomcatWebServer  : Tomcat started on port 8080 (http) with context path '/'
2024-06-27T12:16:45.289+05:30  INFO 17848 --- [main] in.ashokit.Application                   : Started Application in 2.263 seconds (process running for 3.226)
2024-06-27T12:20:22.467+05:30  INFO 17848 --- [RMI TCP Connection(7)-127.0.0.1] inMXBeanRegistrar$SpringApplicationAdmin : Application shutdown requested.
2024-06-27T12:20:32.712+05:30  INFO 15172 --- [main] in.ashokit.Application                   : Starting Application using Java 17.0.10 with PID 15172 (H:\25_JRTP\workspace\01-SB-Logging-App1\target\classes started by Hp in H:\25_JRTP\workspace\01-SB-Logging-App1)
2024-06-27T12:20:32.716+05:30  INFO 15172 --- [main] in.ashokit.Application                   : No active profile set, falling back to 1 default profile: "default"
2024-06-27T12:20:33.909+05:30  INFO 15172 --- [main] o.s.b.w.embedded.tomcat.TomcatWebServer  : Tomcat initialized with port 8080 (http)
2024-06-27T12:20:33.933+05:30  INFO 15172 --- [main] o.apache.catalina.core.StandardService   : Starting service [Tomcat]
2024-06-27T12:20:33.934+05:30  INFO 15172 --- [main] o.apache.catalina.core.StandardEngine    : Starting Servlet engine: [Apache Tomcat/10.1.25]
2024-06-27T12:20:34.026+05:30  INFO 15172 --- [main] o.a.c.c.C.[Tomcat].[localhost].[/]       : Initializing Spring embedded WebApplicationContext
2024-06-27T12:20:34.027+05:30  INFO 15172 --- [main] w.s.c.ServletWebServerApplicationContext : Root WebApplicationContext: initialization completed in 1227 ms
2024-06-27T12:20:34.494+05:30  INFO 15172 --- [main] o.s.b.w.embedded.tomcat.TomcatWebServer  : Tomcat started on port 8080 (http) with context path '/'
2024-06-27T12:20:34.509+05:30  INFO 15172 --- [main] in.ashokit.Application                   : Started Application in 2.397 seconds (process running for 3.395)
2024-06-27T12:22:51.118+05:30  INFO 15172 --- [http-nio-8080-exec-1] o.a.c.c.C.[Tomcat].[localhost].[/]       : Initializing Spring DispatcherServlet 'dispatcherServlet'
2024-06-27T12:22:51.118+05:30  INFO 15172 --- [http-nio-8080-exec-1] o.s.web.servlet.DispatcherServlet        : Initializing Servlet 'dispatcherServlet'
2024-06-27T12:22:51.121+05:30  INFO 15172 --- [http-nio-8080-exec-1] o.s.web.servlet.DispatcherServlet        : Completed initialization in 1 ms
2024-06-27T12:22:51.185+05:30  INFO 15172 --- [http-nio-8080-exec-1] in.ashokit.rest.MsgRestController        : getmsg()........excetatuion started
2024-06-27T12:22:51.185+05:30 ERROR 15172 --- [http-nio-8080-exec-1] in.ashokit.rest.MsgRestController        : Exception : / by zero
2024-06-27T12:23:07.181+05:30  INFO 15172 --- [http-nio-8080-exec-3] in.ashokit.rest.MsgRestController        : getMsg2().... started
2024-06-27T12:23:07.181+05:30  INFO 15172 --- [http-nio-8080-exec-3] in.ashokit.rest.MsgRestController        : getMsg2....ended
2024-06-27T12:33:55.058+05:30  INFO 15172 --- [RMI TCP Connection(17)-127.0.0.1] inMXBeanRegistrar$SpringApplicationAdmin : Application shutdown requested.
